LogName=Security
SourceName=Microsoft Windows security auditing.
EventCode=4688
EventType=0
Type=Information
ComputerName=Host2
TaskCategory=Process Creation
OpCode=Info
RecordNumber=3357961
Keywords=Audit Success
Message=A new process has been created.

Creator Subject:
	Security ID:		S-1-5-18
	Account Name:		HOST2$
	Account Domain:		CONTOSO2
	Logon ID:		0x3E7

Target Subject:
	Security ID:		S-1-0-0
	Account Name:		-
	Account Domain:		-
	Logon ID:		0x0

Process Information:
	New Process ID:		0x25e0
	New Process Name:	C:\Windows\System32\SearchFilterHost.exe
	Token Elevation Type:	%%1936
	Mandatory Label:		S-1-16-8192
	Creator Process ID:	0x1c0c
	Creator Process Name:	C:\Windows\System32\SearchIndexer.exe
	Process Command Line:	""C:\WINDOWS\system32\SearchFilterHost.exe"" 0 772 776 784 8192 780 

Token Elevation Type indicates the type of token that was assigned to the new process in accordance with User Account Control policy.

Type 1 is a full token with no privileges removed or groups disabled.  A full token is only used if User Account Control is disabled or if the user is the built-in Administrator account or a service account.

Type 2 is an elevated token with no privileges removed or groups disabled.  An elevated token is used when User Account Control is enabled and the user chooses to start the program using Run as administrator.  An elevated token is also used when an application is configured to always require administrative privilege or to always require maximum privilege, and the user is a member of the Administrators group.

Type 3 is a limited token with administrative privileges removed and administrative groups disabled.  The limited token is used when User Account Control is enabled, the application does not require administrative privilege, and the user does not choose to start the program using Run as administrator.",local,2019-09-05T11:11:58.000-05:00,local~28~F2F5F36E-46B6-4517-BE8B-6DB8DF13C5C8,729,28:5912923,C:\Windows\System32\SearchIndexer.exe,"S-1-5-18,S-1-0-0",C:\Windows\System32\SearchFilterHost.exe,"Host2,local"
1567699887000,"HOST2$,-",WinEventLog:Security,6BC,C:\WINDOWS\system32\svchost.exe -k appmodel -p -s camsvc,314,"09/05/2019 11:11:27 AM
LogName=Security
SourceName=Microsoft Windows security auditing.
EventCode=4688
EventType=0
Type=Information
ComputerName=Host2
TaskCategory=Process Creation
OpCode=Info
RecordNumber=3357941
Keywords=Audit Success",Host2,1567699888,"CONTOSO2,-","09/05/2019 11:11:27 AM
LogName=Security
SourceName=Microsoft Windows security auditing.
EventCode=4688
EventType=0
Type=Information
ComputerName=Host2
TaskCategory=Process Creation
OpCode=Info
RecordNumber=3357941
Keywords=Audit Success
Message=A new process has been created.

Creator Subject:
	Security ID:		S-1-5-18
	Account Name:		HOST2$
	Account Domain:		CONTOSO2
	Logon ID:		0x3E7

Target Subject:
	Security ID:		S-1-0-0
	Account Name:		-
	Account Domain:		-
	Logon ID:		0x0

Process Information:
	New Process ID:		0x6bc
	New Process Name:	C:\Windows\System32\svchost.exe
	Token Elevation Type:	%%1936
	Mandatory Label:		S-1-16-16384
	Creator Process ID:	0x314
	Creator Process Name:	C:\Windows\System32\services.exe
	Process Command Line:	C:\WINDOWS\system32\svchost.exe -k appmodel -p -s camsvc

Token Elevation Type indicates the type of token that was assigned to the new process in accordance with User Account Control policy.

Type 1 is a full token with no privileges removed or groups disabled.  A full token is only used if User Account Control is disabled or if the user is the built-in Administrator account or a service account.

Type 2 is an elevated token with no privileges removed or groups disabled.  An elevated token is used when User Account Control is enabled and the user chooses to start the program using Run as administrator.  An elevated token is also used when an application is configured to always require administrative privilege or to always require maximum privilege, and the user is a member of the Administrators group.

Type 3 is a limited token with administrative privileges removed and administrative groups disabled.  The limited token is used when User Account Control is enabled, the application does not require administrative privilege, and the user does not choose to start the program using Run as administrator.",local,2019-09-05T11:11:27.000-05:00,local~28~F2F5F36E-46B6-4517-BE8B-6DB8DF13C5C8,755,28:5911608,C:\Windows\System32\services.exe,"S-1-5-18,S-1-0-0",C:\Windows\System32\svchost.exe,"Host2,local"
1567699887000,"HOST2$,Gord",WinEventLog:Security,1538,"""C:\WINDOWS\system32\backgroundTaskHost.exe"" -ServerName:App.AppXggkaqzf6p31g37n0m8phzeswb0rt9m7e.mca",3B8,"09/05/2019 11:11:27 AM
LogName=Security
SourceName=Microsoft Windows security auditing.
EventCode=4688
EventType=0
Type=Information
ComputerName=Host2
TaskCategory=Process Creation
OpCode=Info
RecordNumber=3357940
Keywords=Audit Success",Host2,1567699888,"CONTOSO2,HOST2","09/05/2019 11:11:27 AM
LogName=Security
SourceName=Microsoft Windows security auditing.
EventCode=4688
EventType=0
Type=Information
ComputerName=Host2
TaskCategory=Process Creation
OpCode=Info
RecordNumber=3357940
Keywords=Audit Success
Message=A new process has been created.

Creator Subject:
	Security ID:		S-1-5-18
	Account Name:		HOST2$
	Account Domain:		CONTOSO2
	Logon ID:		0x3E7

Target Subject:
	Security ID:		S-1-5-21-1052468160-575763930-2460412666-1001
	Account Name:		Gord
	Account Domain:		HOST2
	Logon ID:		0x37594

Process Information:
	New Process ID:		0x1538
	New Process Name:	C:\Windows\System32\backgroundTaskHost.exe
	Token Elevation Type:	%%1938
	Mandatory Label:		S-1-16-4096
	Creator Process ID:	0x3b8
	Creator Process Name:	C:\Windows\System32\svchost.exe
	Process Command Line:	""C:\WINDOWS\system32\backgroundTaskHost.exe"" -ServerName:App.AppXggkaqzf6p31g37n0m8phzeswb0rt9m7e.mca

Token Elevation Type indicates the type of token that was assigned to the new process in accordance with User Account Control policy.

Type 1 is a full token with no privileges removed or groups disabled.  A full token is only used if User Account Control is disabled or if the user is the built-in Administrator account or a service account.

Type 2 is an elevated token with no privileges removed or groups disabled.  An elevated token is used when User Account Control is enabled and the user chooses to start the program using Run as administrator.  An elevated token is also used when an application is configured to always require administrative privilege or to always require maximum privilege, and the user is a member of the Administrators group.

Type 3 is a limited token with administrative privileges removed and administrative groups disabled.  The limited token is used when User Account Control is enabled, the application does not require administrative privilege, and the user does not choose to start the program using Run as administrator.",local,2019-09-05T11:11:27.000-05:00,local~28~F2F5F36E-46B6-4517-BE8B-6DB8DF13C5C8,756,28:5911542,C:\Windows\System32\svchost.exe,"S-1-5-18,S-1-5-21-1052468160-575763930-2460412666-1001",C:\Windows\System32\backgroundTaskHost.exe,"Host2,local"
1567699854000,"Gord,-",WinEventLog:Security,E10,"""C:\Program Files (x86)\Google\Chrome\Application\chrome.exe"" --type=renderer --field-trial-handle=1576,10398090197269731942,17827660859688023,131072 --lang=en-US --extension-process --enable-auto-reload --device-scale-factor=1 --num-raster-threads=2 --enable-main-frame-before-activation --service-request-channel-token=15927671003041233546 --renderer-client-id=807 --no-v8-untrusted-code-mitigations --mojo-platform-channel-handle=6852 /prefetch:1",23C8,"09/05/2019 11:10:54 AM
LogName=Security
SourceName=Microsoft Windows security auditing.
EventCode=4688
EventType=0
Type=Information
ComputerName=Host2
TaskCategory=Process Creation
OpCode=Info
RecordNumber=3357912
Keywords=Audit Success",Host2,1567699855,"HOST2,-","09/05/2019 11:10:54 AM
LogName=Security
SourceName=Microsoft Windows security auditing.
EventCode=4688
EventType=0
Type=Information
ComputerName=Host2
TaskCategory=Process Creation
OpCode=Info
RecordNumber=3357912
Keywords=Audit Success
Message=A new process has been created.

Creator Subject:
	Security ID:		S-1-5-21-1052468160-575763930-2460412666-1001
	Account Name:		Gord
	Account Domain:		HOST2
	Logon ID:		0x37594

Target Subject:
	Security ID:		S-1-0-0
	Account Name:		-
	Account Domain:		-
	Logon ID:		0x0

Process Information:
	New Process ID:		0xe10
	New Process Name:	C:\Program Files (x86)\Google\Chrome\Application\chrome.exe
	Token Elevation Type:	%%1938
	Mandatory Label:		S-1-16-4096
	Creator Process ID:	0x23c8
	Creator Process Name:	C:\Program Files (x86)\Google\Chrome\Application\chrome.exe
	Process Command Line:	""C:\Program Files (x86)\Google\Chrome\Application\chrome.exe"" --type=renderer --field-trial-handle=1576,10398090197269731942,17827660859688023,131072 --lang=en-US --extension-process --enable-auto-reload --device-scale-factor=1 --num-raster-threads=2 --enable-main-frame-before-activation --service-request-channel-token=15927671003041233546 --renderer-client-id=807 --no-v8-untrusted-code-mitigations --mojo-platform-channel-handle=6852 /prefetch:1

Token Elevation Type indicates the type of token that was assigned to the new process in accordance with User Account Control policy.

Type 1 is a full token with no privileges removed or groups disabled.  A full token is only used if User Account Control is disabled or if the user is the built-in Administrator account or a service account.

Type 2 is an elevated token with no privileges removed or groups disabled.  An elevated token is used when User Account Control is enabled and the user chooses to start the program using Run as administrator.  An elevated token is also used when an application is configured to always require administrative privilege or to always require maximum privilege, and the user is a member of the Administrators group.

Type 3 is a limited token with administrative privileges removed and administrative groups disabled.  The limited token is used when User Account Control is enabled, the application does not require administrative privilege, and the user does not choose to start the program using Run as administrator.",local,2019-09-05T11:10:54.000-05:00,local~28~F2F5F36E-46B6-4517-BE8B-6DB8DF13C5C8,784,28:5909704,C:\Program Files (x86)\Google\Chrome\Application\chrome.exe,"S-1-5-21-1052468160-575763930-2460412666-1001,S-1-0-0",C:\Program Files (x86)\Google\Chrome\Application\chrome.exe,"Host2,local"
1567699797000,"HOST2$,-",WinEventLog:Security,CE8,"""C:\WINDOWS\system32\SearchFilterHost.exe"" 0 772 776 784 8192 780",1C0C,"09/05/2019 11:09:57 AM
LogName=Security
SourceName=Microsoft Windows security auditing.
EventCode=4688
EventType=0
Type=Information
ComputerName=Host2
TaskCategory=Process Creation
OpCode=Info
RecordNumber=3357868
Keywords=Audit Success",Host2,1567699799,"CONTOSO2,-","09/05/2019 11:09:57 AM
LogName=Security
SourceName=Microsoft Windows security auditing.
EventCode=4688
EventType=0
Type=Information
ComputerName=Host2
TaskCategory=Process Creation
OpCode=Info
RecordNumber=3357868
Keywords=Audit Success
Message=A new process has been created.

Creator Subject:
	Security ID:		S-1-5-18
	Account Name:		HOST2$
	Account Domain:		CONTOSO2
	Logon ID:		0x3E7

Target Subject:
	Security ID:		S-1-0-0
	Account Name:		-
	Account Domain:		-
	Logon ID:		0x0

Process Information:
	New Process ID:		0xce8
	New Process Name:	C:\Windows\System32\SearchFilterHost.exe
	Token Elevation Type:	%%1936
	Mandatory Label:		S-1-16-8192
	Creator Process ID:	0x1c0c
	Creator Process Name:	C:\Windows\System32\SearchIndexer.exe
	Process Command Line:	""C:\WINDOWS\system32\SearchFilterHost.exe"" 0 772 776 784 8192 780 

Token Elevation Type indicates the type of token that was assigned to the new process in accordance with User Account Control policy.

Type 1 is a full token with no privileges removed or groups disabled.  A full token is only used if User Account Control is disabled or if the user is the built-in Administrator account or a service account.

Type 2 is an elevated token with no privileges removed or groups disabled.  An elevated token is used when User Account Control is enabled and the user chooses to start the program using Run as administrator.  An elevated token is also used when an application is configured to always require administrative privilege or to always require maximum privilege, and the user is a member of the Administrators group.

Type 3 is a limited token with administrative privileges removed and administrative groups disabled.  The limited token is used when User Account Control is enabled, the application does not require administrative privilege, and the user does not choose to start the program using Run as administrator.",local,2019-09-05T11:09:57.000-05:00,local~28~F2F5F36E-46B6-4517-BE8B-6DB8DF13C5C8,834,28:5906825,C:\Windows\System32\SearchIndexer.exe,"S-1-5-18,S-1-0-0",C:\Windows\System32\SearchFilterHost.exe,"Host2,local"
1567699768000,"HOST2$,-",WinEventLog:Security,2E+01,\??\C:\WINDOWS\system32\conhost.exe 0xffffffff -ForceV1,2D8,"09/05/2019 11:09:28 AM
LogName=Security
SourceName=Microsoft Windows security auditing.
EventCode=4688
EventType=0
Type=Information
ComputerName=Host2
TaskCategory=Process Creation
OpCode=Info
RecordNumber=3357850
Keywords=Audit Success",Host2,1567699769,"CONTOSO2,-","09/05/2019 11:09:28 AM
LogName=Security
SourceName=Microsoft Windows security auditing.
EventCode=4688
EventType=0
Type=Information
ComputerName=Host2
TaskCategory=Process Creation
OpCode=Info
RecordNumber=3357850
Keywords=Audit Success
Message=A new process has been created.

Creator Subject:
	Security ID:		S-1-5-18
	Account Name:		HOST2$
	Account Domain:		CONTOSO2
	Logon ID:		0x3E7

Target Subject:
	Security ID:		S-1-0-0
	Account Name:		-
	Account Domain:		-
	Logon ID:		0x0

Process Information:
	New Process ID:		0x20e0
	New Process Name:	C:\Windows\System32\conhost.exe
	Token Elevation Type:	%%1936
	Mandatory Label:		S-1-16-16384
	Creator Process ID:	0x2d8
	Creator Process Name:	C:\Windows\System32\dmclient.exe
	Process Command Line:	\??\C:\WINDOWS\system32\conhost.exe 0xffffffff -ForceV1

Token Elevation Type indicates the type of token that was assigned to the new process in accordance with User Account Control policy.

Type 1 is a full token with no privileges removed or groups disabled.  A full token is only used if User Account Control is disabled or if the user is the built-in Administrator account or a service account.

Type 2 is an elevated token with no privileges removed or groups disabled.  An elevated token is used when User Account Control is enabled and the user chooses to start the program using Run as administrator.  An elevated token is also used when an application is configured to always require administrative privilege or to always require maximum privilege, and the user is a member of the Administrators group.

Type 3 is a limited token with administrative privileges removed and administrative groups disabled.  The limited token is used when User Account Control is enabled, the application does not require administrative privilege, and the user does not choose to start the program using Run as administrator.",local,2019-09-05T11:09:28.000-05:00,local~28~F2F5F36E-46B6-4517-BE8B-6DB8DF13C5C8,858,28:5905640,C:\Windows\System32\dmclient.exe,"S-1-5-18,S-1-0-0",C:\Windows\System32\conhost.exe,"Host2,local"
1567699768000,"HOST2$,-",WinEventLog:Security,2D8,C:\WINDOWS\system32\dmclient.exe utcwnf,4D8,"09/05/2019 11:09:28 AM
LogName=Security
SourceName=Microsoft Windows security auditing.
EventCode=4688
EventType=0
Type=Information
ComputerName=Host2
TaskCategory=Process Creation
OpCode=Info
RecordNumber=3357849
Keywords=Audit Success",Host2,1567699769,"CONTOSO2,-","09/05/2019 11:09:28 AM
LogName=Security
SourceName=Microsoft Windows security auditing.
EventCode=4688
EventType=0
Type=Information
ComputerName=Host2
TaskCategory=Process Creation
OpCode=Info
RecordNumber=3357849
Keywords=Audit Success
Message=A new process has been created.

Creator Subject:
	Security ID:		S-1-5-18
	Account Name:		HOST2$
	Account Domain:		CONTOSO2
	Logon ID:		0x3E7

Target Subject:
	Security ID:		S-1-0-0
	Account Name:		-
	Account Domain:		-
	Logon ID:		0x0

Process Information:
	New Process ID:		0x2d8
	New Process Name:	C:\Windows\System32\dmclient.exe
	Token Elevation Type:	%%1936
	Mandatory Label:		S-1-16-16384
	Creator Process ID:	0x4d8
	Creator Process Name:	C:\Windows\System32\svchost.exe
	Process Command Line:	C:\WINDOWS\system32\dmclient.exe utcwnf

Token Elevation Type indicates the type of token that was assigned to the new process in accordance with User Account Control policy.

Type 1 is a full token with no privileges removed or groups disabled.  A full token is only used if User Account Control is disabled or if the user is the built-in Administrator account or a service account.

Type 2 is an elevated token with no privileges removed or groups disabled.  An elevated token is used when User Account Control is enabled and the user chooses to start the program using Run as administrator.  An elevated token is also used when an application is configured to always require administrative privilege or to always require maximum privilege, and the user is a member of the Administrators group.

Type 3 is a limited token with administrative privileges removed and administrative groups disabled.  The limited token is used when User Account Control is enabled, the application does not require administrative privilege, and the user does not choose to start the program using Run as administrator.",local,2019-09-05T11:09:28.000-05:00,local~28~F2F5F36E-46B6-4517-BE8B-6DB8DF13C5C8,859,28:5905578,C:\Windows\System32\svchost.exe,"S-1-5-18,S-1-0-0",C:\Windows\System32\dmclient.exe,"Host2,local"
1567699677000,"HOST2$,-",WinEventLog:Security,1524,"""C:\WINDOWS\system32\SearchFilterHost.exe"" 0 772 776 784 8192 780",1C0C,"09/05/2019 11:07:57 AM
LogName=Security
SourceName=Microsoft Windows security auditing.
EventCode=4688
EventType=0
Type=Information
ComputerName=Host2
TaskCategory=Process Creation
OpCode=Info
RecordNumber=3357779
Keywords=Audit Success",Host2,1567699678,"CONTOSO2,-","09/05/2019 11:07:57 AM
LogName=Security
SourceName=Microsoft Windows security auditing.
EventCode=4688
EventType=0
Type=Information
ComputerName=Host2
TaskCategory=Process Creation
OpCode=Info
RecordNumber=3357779
Keywords=Audit Success
Message=A new process has been created.

Creator Subject:
	Security ID:		S-1-5-18
	Account Name:		HOST2$
	Account Domain:		CONTOSO2
	Logon ID:		0x3E7

Target Subject:
	Security ID:		S-1-0-0
	Account Name:		-
	Account Domain:		-
	Logon ID:		0x0

Process Information:
	New Process ID:		0x1524
	New Process Name:	C:\Windows\System32\SearchFilterHost.exe
	Token Elevation Type:	%%1936
	Mandatory Label:		S-1-16-8192
	Creator Process ID:	0x1c0c
	Creator Process Name:	C:\Windows\System32\SearchIndexer.exe
	Process Command Line:	""C:\WINDOWS\system32\SearchFilterHost.exe"" 0 772 776 784 8192 780 

Token Elevation Type indicates the type of token that was assigned to the new process in accordance with User Account Control policy.

Type 1 is a full token with no privileges removed or groups disabled.  A full token is only used if User Account Control is disabled or if the user is the built-in Administrator account or a service account.

Type 2 is an elevated token with no privileges removed or groups disabled.  An elevated token is used when User Account Control is enabled and the user chooses to start the program using Run as administrator.  An elevated token is also used when an application is configured to always require administrative privilege or to always require maximum privilege, and the user is a member of the Administrators group.

Type 3 is a limited token with administrative privileges removed and administrative groups disabled.  The limited token is used when User Account Control is enabled, the application does not require administrative privilege, and the user does not choose to start the program using Run as administrator.",local,2019-09-05T11:07:57.000-05:00,local~28~F2F5F36E-46B6-4517-BE8B-6DB8DF13C5C8,935,28:5901007,C:\Windows\System32\SearchIndexer.exe,"S-1-5-18,S-1-0-0",C:\Windows\System32\SearchFilterHost.exe,"Host2,local"
1567699614000,"Gord,-",WinEventLog:Security,1F9C,"""C:\Program Files (x86)\Google\Chrome\Application\chrome.exe"" --type=renderer --field-trial-handle=1576,10398090197269731942,17827660859688023,131072 --lang=en-US --extension-process --enable-auto-reload --device-scale-factor=1 --num-raster-threads=2 --enable-main-frame-before-activation --service-request-channel-token=17677077605540066811 --renderer-client-id=806 --no-v8-untrusted-code-mitigations --mojo-platform-channel-handle=6852 /prefetch:1",23C8,"09/05/2019 11:06:54 AM
LogName=Security
SourceName=Microsoft Windows security auditing.
EventCode=4688
EventType=0
Type=Information
ComputerName=Host2
TaskCategory=Process Creation
OpCode=Info
RecordNumber=3357735
Keywords=Audit Success",Host2,1567699615,"HOST2,-","09/05/2019 11:06:54 AM
LogName=Security
SourceName=Microsoft Windows security auditing.
EventCode=4688
EventType=0
Type=Information
ComputerName=Host2
TaskCategory=Process Creation
OpCode=Info
RecordNumber=3357735
Keywords=Audit Success
Message=A new process has been created.

Creator Subject:
	Security ID:		S-1-5-21-1052468160-575763930-2460412666-1001
	Account Name:		Gord
	Account Domain:		HOST2
	Logon ID:		0x37594

Target Subject:
	Security ID:		S-1-0-0
	Account Name:		-
	Account Domain:		-
	Logon ID:		0x0

Process Information:
	New Process ID:		0x1f9c
	New Process Name:	C:\Program Files (x86)\Google\Chrome\Application\chrome.exe
	Token Elevation Type:	%%1938
	Mandatory Label:		S-1-16-4096
	Creator Process ID:	0x23c8
	Creator Process Name:	C:\Program Files (x86)\Google\Chrome\Application\chrome.exe
	Process Command Line:	""C:\Program Files (x86)\Google\Chrome\Application\chrome.exe"" --type=renderer --field-trial-handle=1576,10398090197269731942,17827660859688023,131072 --lang=en-US --extension-process --enable-auto-reload --device-scale-factor=1 --num-raster-threads=2 --enable-main-frame-before-activation --service-request-channel-token=17677077605540066811 --renderer-client-id=806 --no-v8-untrusted-code-mitigations --mojo-platform-channel-handle=6852 /prefetch:1

Token Elevation Type indicates the type of token that was assigned to the new process in accordance with User Account Control policy.

Type 1 is a full token with no privileges removed or groups disabled.  A full token is only used if User Account Control is disabled or if the user is the built-in Administrator account or a service account.

Type 2 is an elevated token with no privileges removed or groups disabled.  An elevated token is used when User Account Control is enabled and the user chooses to start the program using Run as administrator.  An elevated token is also used when an application is configured to always require administrative privilege or to always require maximum privilege, and the user is a member of the Administrators group.

Type 3 is a limited token with administrative privileges removed and administrative groups disabled.  The limited token is used when User Account Control is enabled, the application does not require administrative privilege, and the user does not choose to start the program using Run as administrator.",local,2019-09-05T11:06:54.000-05:00,local~28~F2F5F36E-46B6-4517-BE8B-6DB8DF13C5C8,985,28:5898114,C:\Program Files (x86)\Google\Chrome\Application\chrome.exe,"S-1-5-21-1052468160-575763930-2460412666-1001,S-1-0-0",C:\Program Files (x86)\Google\Chrome\Application\chrome.exe,"Host2,local"
1567699556000,"HOST2$,-",WinEventLog:Security,1ECC,"""C:\WINDOWS\system32\SearchFilterHost.exe"" 0 772 776 784 8192 780",1C0C,"09/05/2019 11:05:56 AM
LogName=Security
SourceName=Microsoft Windows security auditing.
EventCode=4688
EventType=0
Type=Information
ComputerName=Host2
TaskCategory=Process Creation
OpCode=Info
RecordNumber=3357690
Keywords=Audit Success",Host2,1567699558,"CONTOSO2,-","09/05/2019 11:05:56 AM
LogName=Security
SourceName=Microsoft Windows security auditing.
EventCode=4688
EventType=0
Type=Information
ComputerName=Host2
TaskCategory=Process Creation
OpCode=Info
RecordNumber=3357690
Keywords=Audit Success
Message=A new process has been created.

Creator Subject:
	Security ID:		S-1-5-18
	Account Name:		HOST2$
	Account Domain:		CONTOSO2
	Logon ID:		0x3E7

Target Subject:
	Security ID:		S-1-0-0
	Account Name:		-
	Account Domain:		-
	Logon ID:		0x0

Process Information:
	New Process ID:		0x1ecc
	New Process Name:	C:\Windows\System32\SearchFilterHost.exe
	Token Elevation Type:	%%1936
	Mandatory Label:		S-1-16-8192
	Creator Process ID:	0x1c0c
	Creator Process Name:	C:\Windows\System32\SearchIndexer.exe
	Process Command Line:	""C:\WINDOWS\system32\SearchFilterHost.exe"" 0 772 776 784 8192 780 

Token Elevation Type indicates the type of token that was assigned to the new process in accordance with User Account Control policy.

Type 1 is a full token with no privileges removed or groups disabled.  A full token is only used if User Account Control is disabled or if the user is the built-in Administrator account or a service account.

Type 2 is an elevated token with no privileges removed or groups disabled.  An elevated token is used when User Account Control is enabled and the user chooses to start the program using Run as administrator.  An elevated token is also used when an application is configured to always require administrative privilege or to always require maximum privilege, and the user is a member of the Administrators group.

Type 3 is a limited token with administrative privileges removed and administrative groups disabled.  The limited token is used when User Account Control is enabled, the application does not require administrative privilege, and the user does not choose to start the program using Run as administrator.",local,2019-09-05T11:05:56.000-05:00,local~28~F2F5F36E-46B6-4517-BE8B-6DB8DF13C5C8,1036,28:5895157,C:\Windows\System32\SearchIndexer.exe,"S-1-5-18,S-1-0-0",C:\Windows\System32\SearchFilterHost.exe,"Host2,local"
1567699494000,"Gord,-",WinEventLog:Security,1468,"""C:\Program Files (x86)\Google\Chrome\Application\chrome.exe"" --type=renderer --field-trial-handle=1576,10398090197269731942,17827660859688023,131072 --lang=en-US --extension-process --enable-auto-reload --device-scale-factor=1 --num-raster-threads=2 --enable-main-frame-before-activation --service-request-channel-token=9688528901042612577 --renderer-client-id=805 --no-v8-untrusted-code-mitigations --mojo-platform-channel-handle=5908 /prefetch:1",23C8,"09/05/2019 11:04:54 AM
LogName=Security
SourceName=Microsoft Windows security auditing.
EventCode=4688
EventType=0
Type=Information
ComputerName=Host2
TaskCategory=Process Creation
OpCode=Info
RecordNumber=3357646
Keywords=Audit Success",Host2,1567699495,"HOST2,-","09/05/2019 11:04:54 AM
LogName=Security
SourceName=Microsoft Windows security auditing.
EventCode=4688
EventType=0
Type=Information
ComputerName=Host2
TaskCategory=Process Creation
OpCode=Info
RecordNumber=3357646
Keywords=Audit Success
Message=A new process has been created.

Creator Subject:
	Security ID:		S-1-5-21-1052468160-575763930-2460412666-1001
	Account Name:		Gord
	Account Domain:		HOST2
	Logon ID:		0x37594

Target Subject:
	Security ID:		S-1-0-0
	Account Name:		-
	Account Domain:		-
	Logon ID:		0x0

Process Information:
	New Process ID:		0x1468
	New Process Name:	C:\Program Files (x86)\Google\Chrome\Application\chrome.exe
	Token Elevation Type:	%%1938
	Mandatory Label:		S-1-16-4096
	Creator Process ID:	0x23c8
	Creator Process Name:	C:\Program Files (x86)\Google\Chrome\Application\chrome.exe
	Process Command Line:	""C:\Program Files (x86)\Google\Chrome\Application\chrome.exe"" --type=renderer --field-trial-handle=1576,10398090197269731942,17827660859688023,131072 --lang=en-US --extension-process --enable-auto-reload --device-scale-factor=1 --num-raster-threads=2 --enable-main-frame-before-activation --service-request-channel-token=9688528901042612577 --renderer-client-id=805 --no-v8-untrusted-code-mitigations --mojo-platform-channel-handle=5908 /prefetch:1

Token Elevation Type indicates the type of token that was assigned to the new process in accordance with User Account Control policy.

Type 1 is a full token with no privileges removed or groups disabled.  A full token is only used if User Account Control is disabled or if the user is the built-in Administrator account or a service account.

Type 2 is an elevated token with no privileges removed or groups disabled.  An elevated token is used when User Account Control is enabled and the user chooses to start the program using Run as administrator.  An elevated token is also used when an application is configured to always require administrative privilege or to always require maximum privilege, and the user is a member of the Administrators group.

Type 3 is a limited token with administrative privileges removed and administrative groups disabled.  The limited token is used when User Account Control is enabled, the application does not require administrative privilege, and the user does not choose to start the program using Run as administrator.",local,2019-09-05T11:04:54.000-05:00,local~28~F2F5F36E-46B6-4517-BE8B-6DB8DF13C5C8,1086,28:5892263,C:\Program Files (x86)\Google\Chrome\Application\chrome.exe,"S-1-5-21-1052468160-575763930-2460412666-1001,S-1-0-0",C:\Program Files (x86)\Google\Chrome\Application\chrome.exe,"Host2,local"
1567699487000,"SERVER14$,-",WinEventLog:Security,2B80,\??\C:\Windows\system32\conhost.exe 0xffffffff,29B8,"09/05/2019 11:04:47 AM
LogName=Security
SourceName=Microsoft Windows security auditing.
EventCode=4688
EventType=0
Type=Information
ComputerName=Server14.CONTOSO.local
TaskCategory=Process Creation
OpCode=Info
RecordNumber=132768982
Keywords=Audit Success",Server14.CONTOSO.local,1567699502,"CONTOSO,-","09/05/2019 11:04:47 AM
LogName=Security
SourceName=Microsoft Windows security auditing.
EventCode=4688
EventType=0
Type=Information
ComputerName=Server14.CONTOSO.local
TaskCategory=Process Creation
OpCode=Info
RecordNumber=132768982
Keywords=Audit Success
Message=A new process has been created.

Creator Subject:
	Security ID:		S-1-5-18
	Account Name:		SERVER14$
	Account Domain:		CONTOSO
	Logon ID:		0x3E7

Target Subject:
	Security ID:		S-1-0-0
	Account Name:		-
	Account Domain:		-
	Logon ID:		0x0

Process Information:
	New Process ID:		0x2b80
	New Process Name:	C:\Windows\System32\conhost.exe
	Token Elevation Type:	TokenElevationTypeDefault (1)
	Creator Process ID:	0x29b8
	Process Command Line:	\??\C:\Windows\system32\conhost.exe 0xffffffff

Token Elevation Type indicates the type of token that was assigned to the new process in accordance with User Account Control policy.

Type 1 is a full token with no privileges removed or groups disabled.  A full token is only used if User Account Control is disabled or if the user is the built-in Administrator account or a service account.

Type 2 is an elevated token with no privileges removed or groups disabled.  An elevated token is used when User Account Control is enabled and the user chooses to start the program using Run as administrator.  An elevated token is also used when an application is configured to always require administrative privilege or to always require maximum privilege, and the user is a member of the Administrators group.

Type 3 is a limited token with administrative privileges removed and administrative groups disabled.  The limited token is used when User Account Control is enabled, the application does not require administrative privilege, and the user does not choose to start the program using Run as administrator.",cont,2019-09-05T11:04:47.000-05:00,cont~33~F2F5F36E-46B6-4517-BE8B-6DB8DF13C5C8,1098,33:910618,,"S-1-5-18,S-1-0-0",C:\Windows\System32\conhost.exe,"Host2,cont"
1567699487000,"SERVER14$,-",WinEventLog:Security,29B8,"C:\Windows\System32\Essentials\RunTask.exe /asm:""C:\Program Files\Windows Server\Bin\WebApps\MacWebService\bin\Microsoft.WindowsServerSolutions.MacIntegration.MacWebService.dll"" /class:Microsoft.WindowsServerSolutions.MacIntegration.MacTasks /method:SetOnlineOffline /task:""Macintosh Status Report""",288,"09/05/2019 11:04:47 AM
LogName=Security
SourceName=Microsoft Windows security auditing.
EventCode=4688
EventType=0
Type=Information
ComputerName=Server14.CONTOSO.local
TaskCategory=Process Creation
OpCode=Info
RecordNumber=132768981
Keywords=Audit Success",Server14.CONTOSO.local,1567699502,"CONTOSO,-","09/05/2019 11:04:47 AM
LogName=Security
SourceName=Microsoft Windows security auditing.
EventCode=4688
EventType=0
Type=Information
ComputerName=Server14.CONTOSO.local
TaskCategory=Process Creation
OpCode=Info
RecordNumber=132768981
Keywords=Audit Success
Message=A new process has been created.

Creator Subject:
	Security ID:		S-1-5-18
	Account Name:		SERVER14$
	Account Domain:		CONTOSO
	Logon ID:		0x3E7

Target Subject:
	Security ID:		S-1-0-0
	Account Name:		-
	Account Domain:		-
	Logon ID:		0x0

Process Information:
	New Process ID:		0x29b8
	New Process Name:	C:\Windows\System32\Essentials\RunTask.exe
	Token Elevation Type:	TokenElevationTypeDefault (1)
	Creator Process ID:	0x288
	Process Command Line:	C:\Windows\System32\Essentials\RunTask.exe /asm:""C:\Program Files\Windows Server\Bin\WebApps\MacWebService\bin\Microsoft.WindowsServerSolutions.MacIntegration.MacWebService.dll"" /class:Microsoft.WindowsServerSolutions.MacIntegration.MacTasks /method:SetOnlineOffline /task:""Macintosh Status Report""

Token Elevation Type indicates the type of token that was assigned to the new process in accordance with User Account Control policy.

Type 1 is a full token with no privileges removed or groups disabled.  A full token is only used if User Account Control is disabled or if the user is the built-in Administrator account or a service account.

Type 2 is an elevated token with no privileges removed or groups disabled.  An elevated token is used when User Account Control is enabled and the user chooses to start the program using Run as administrator.  An elevated token is also used when an application is configured to always require administrative privilege or to always require maximum privilege, and the user is a member of the Administrators group.

Type 3 is a limited token with administrative privileges removed and administrative groups disabled.  The limited token is used when User Account Control is enabled, the application does not require administrative privilege, and the user does not choose to start the program using Run as administrator.",cont,2019-09-05T11:04:47.000-05:00,cont~33~F2F5F36E-46B6-4517-BE8B-6DB8DF13C5C8,1099,33:910550,,"S-1-5-18,S-1-0-0",C:\Windows\System32\Essentials\RunTask.exe,"Host2,cont"
1567699486000,"SERVER14$,-",WinEventLog:Security,25BC,\??\C:\Windows\system32\conhost.exe 0xffffffff,2.1E+09,"09/05/2019 11:04:46 AM
LogName=Security
SourceName=Microsoft Windows security auditing.
EventCode=4688
EventType=0
Type=Information
ComputerName=Server14.CONTOSO.local
TaskCategory=Process Creation
OpCode=Info
RecordNumber=132768980
Keywords=Audit Success",Server14.CONTOSO.local,1567699502,"CONTOSO,-","09/05/2019 11:04:46 AM
LogName=Security
SourceName=Microsoft Windows security auditing.
EventCode=4688
EventType=0
Type=Information
ComputerName=Server14.CONTOSO.local
TaskCategory=Process Creation
OpCode=Info
RecordNumber=132768980
Keywords=Audit Success
Message=A new process has been created.

Creator Subject:
	Security ID:		S-1-5-18
	Account Name:		SERVER14$
	Account Domain:		CONTOSO
	Logon ID:		0x3E7

Target Subject:
	Security ID:		S-1-0-0
	Account Name:		-
	Account Domain:		-
	Logon ID:		0x0

Process Information:
	New Process ID:		0x25bc
	New Process Name:	C:\Windows\System32\conhost.exe
	Token Elevation Type:	TokenElevationTypeDefault (1)
	Creator Process ID:	0x21e8
	Process Command Line:	\??\C:\Windows\system32\conhost.exe 0xffffffff

Token Elevation Type indicates the type of token that was assigned to the new process in accordance with User Account Control policy.

Type 1 is a full token with no privileges removed or groups disabled.  A full token is only used if User Account Control is disabled or if the user is the built-in Administrator account or a service account.

Type 2 is an elevated token with no privileges removed or groups disabled.  An elevated token is used when User Account Control is enabled and the user chooses to start the program using Run as administrator.  An elevated token is also used when an application is configured to always require administrative privilege or to always require maximum privilege, and the user is a member of the Administrators group.

Type 3 is a limited token with administrative privileges removed and administrative groups disabled.  The limited token is used when User Account Control is enabled, the application does not require administrative privilege, and the user does not choose to start the program using Run as administrator.",cont,2019-09-05T11:04:46.000-05:00,cont~33~F2F5F36E-46B6-4517-BE8B-6DB8DF13C5C8,1102,33:910490,,"S-1-5-18,S-1-0-0",C:\Windows\System32\conhost.exe,"Host2,cont"
1567699486000,"SERVER14$,-",WinEventLog:Security,2.1E+09,"C:\Windows\System32\Essentials\RunTask.exe /asm:""C:\Windows\Microsoft.Net\assembly\GAC_MSIL\AlertFramework\v4.0_6.3.0.0__31bf3856ad364e35\AlertFramework.dll"" /class:Microsoft.WindowsServerSolutions.NetworkHealth.AlertFramework.HealthScheduledTask /method:EvaluateAlertsTaskAction /task:""Alert Evaluations""",288,"09/05/2019 11:04:46 AM
LogName=Security
SourceName=Microsoft Windows security auditing.
EventCode=4688
EventType=0
Type=Information
ComputerName=Server14.CONTOSO.local
TaskCategory=Process Creation
OpCode=Info
RecordNumber=132768979
Keywords=Audit Success",Server14.CONTOSO.local,1567699502,"CONTOSO,-","09/05/2019 11:04:46 AM
LogName=Security
SourceName=Microsoft Windows security auditing.
EventCode=4688
EventType=0
Type=Information
ComputerName=Server14.CONTOSO.local
TaskCategory=Process Creation
OpCode=Info
RecordNumber=132768979
Keywords=Audit Success
Message=A new process has been created.

Creator Subject:
	Security ID:		S-1-5-18
	Account Name:		SERVER14$
	Account Domain:		CONTOSO
	Logon ID:		0x3E7

Target Subject:
	Security ID:		S-1-0-0
	Account Name:		-
	Account Domain:		-
	Logon ID:		0x0

Process Information:
	New Process ID:		0x21e8
	New Process Name:	C:\Windows\System32\Essentials\RunTask.exe
	Token Elevation Type:	TokenElevationTypeDefault (1)
	Creator Process ID:	0x288
	Process Command Line:	C:\Windows\System32\Essentials\RunTask.exe /asm:""C:\Windows\Microsoft.Net\assembly\GAC_MSIL\AlertFramework\v4.0_6.3.0.0__31bf3856ad364e35\AlertFramework.dll"" /class:Microsoft.WindowsServerSolutions.NetworkHealth.AlertFramework.HealthScheduledTask /method:EvaluateAlertsTaskAction /task:""Alert Evaluations""

Token Elevation Type indicates the type of token that was assigned to the new process in accordance with User Account Control policy.

Type 1 is a full token with no privileges removed or groups disabled.  A full token is only used if User Account Control is disabled or if the user is the built-in Administrator account or a service account.

Type 2 is an elevated token with no privileges removed or groups disabled.  An elevated token is used when User Account Control is enabled and the user chooses to start the program using Run as administrator.  An elevated token is also used when an application is configured to always require administrative privilege or to always require maximum privilege, and the user is a member of the Administrators group.

Type 3 is a limited token with administrative privileges removed and administrative groups disabled.  The limited token is used when User Account Control is enabled, the application does not require administrative privilege, and the user does not choose to start the program using Run as administrator.",cont,2019-09-05T11:04:46.000-05:00,cont~33~F2F5F36E-46B6-4517-BE8B-6DB8DF13C5C8,1103,33:910422,,"S-1-5-18,S-1-0-0",C:\Windows\System32\Essentials\RunTask.exe,"Host2,cont"
1567699467000,"HOST2$,Gord",WinEventLog:Security,2B80,C:\Windows\System32\RuntimeBroker.exe -Embedding,3B8,"09/05/2019 11:04:27 AM
LogName=Security
SourceName=Microsoft Windows security auditing.
EventCode=4688
EventType=0
Type=Information
ComputerName=Host2
TaskCategory=Process Creation
OpCode=Info
RecordNumber=3357628
Keywords=Audit Success",Host2,1567699468,"CONTOSO2,HOST2","09/05/2019 11:04:27 AM
LogName=Security
SourceName=Microsoft Windows security auditing.
EventCode=4688
EventType=0
Type=Information
ComputerName=Host2
TaskCategory=Process Creation
OpCode=Info
RecordNumber=3357628
Keywords=Audit Success
Message=A new process has been created.

Creator Subject:
	Security ID:		S-1-5-18
	Account Name:		HOST2$
	Account Domain:		CONTOSO2
	Logon ID:		0x3E7

Target Subject:
	Security ID:		S-1-5-21-1052468160-575763930-2460412666-1001
	Account Name:		Gord
	Account Domain:		HOST2
	Logon ID:		0x37594

Process Information:
	New Process ID:		0x2b80
	New Process Name:	C:\Windows\System32\RuntimeBroker.exe
	Token Elevation Type:	%%1938
	Mandatory Label:		S-1-16-8192
	Creator Process ID:	0x3b8
	Creator Process Name:	C:\Windows\System32\svchost.exe
	Process Command Line:	C:\Windows\System32\RuntimeBroker.exe -Embedding

Token Elevation Type indicates the type of token that was assigned to the new process in accordance with User Account Control policy.

Type 1 is a full token with no privileges removed or groups disabled.  A full token is only used if User Account Control is disabled or if the user is the built-in Administrator account or a service account.

Type 2 is an elevated token with no privileges removed or groups disabled.  An elevated token is used when User Account Control is enabled and the user chooses to start the program using Run as administrator.  An elevated token is also used when an application is configured to always require administrative privilege or to always require maximum privilege, and the user is a member of the Administrators group.

Type 3 is a limited token with administrative privileges removed and administrative groups disabled.  The limited token is used when User Account Control is enabled, the application does not require administrative privilege, and the user does not choose to start the program using Run as administrator.",local,2019-09-05T11:04:27.000-05:00,local~28~F2F5F36E-46B6-4517-BE8B-6DB8DF13C5C8,1114,28:5891078,C:\Windows\System32\svchost.exe,"S-1-5-18,S-1-5-21-1052468160-575763930-2460412666-1001",C:\Windows\System32\RuntimeBroker.exe,"Host2,local"
1567699467000,"HOST2$,Gord",WinEventLog:Security,1.1E+05,"""C:\WINDOWS\system32\backgroundTaskHost.exe"" -ServerName:App.AppXmtcan0h2tfbfy7k9kn8hbxb6dmzz1zh0.mca",3B8,"09/05/2019 11:04:27 AM
LogName=Security
SourceName=Microsoft Windows security auditing.
EventCode=4688
EventType=0
Type=Information
ComputerName=Host2
TaskCategory=Process Creation
OpCode=Info
RecordNumber=3357627
Keywords=Audit Success",Host2,1567699467,"CONTOSO2,HOST2","09/05/2019 11:04:27 AM
LogName=Security
SourceName=Microsoft Windows security auditing.
EventCode=4688
EventType=0
Type=Information
ComputerName=Host2
TaskCategory=Process Creation
OpCode=Info
RecordNumber=3357627
Keywords=Audit Success
Message=A new process has been created.

Creator Subject:
	Security ID:		S-1-5-18
	Account Name:		HOST2$
	Account Domain:		CONTOSO2
	Logon ID:		0x3E7

Target Subject:
	Security ID:		S-1-5-21-1052468160-575763930-2460412666-1001
	Account Name:		Gord
	Account Domain:		HOST2
	Logon ID:		0x37594

Process Information:
	New Process ID:		0x11e4
	New Process Name:	C:\Windows\System32\backgroundTaskHost.exe
	Token Elevation Type:	%%1938
	Mandatory Label:		S-1-16-4096
	Creator Process ID:	0x3b8
	Creator Process Name:	C:\Windows\System32\svchost.exe
	Process Command Line:	""C:\WINDOWS\system32\backgroundTaskHost.exe"" -ServerName:App.AppXmtcan0h2tfbfy7k9kn8hbxb6dmzz1zh0.mca

Token Elevation Type indicates the type of token that was assigned to the new process in accordance with User Account Control policy.

Type 1 is a full token with no privileges removed or groups disabled.  A full token is only used if User Account Control is disabled or if the user is the built-in Administrator account or a service account.

Type 2 is an elevated token with no privileges removed or groups disabled.  An elevated token is used when User Account Control is enabled and the user chooses to start the program using Run as administrator.  An elevated token is also used when an application is configured to always require administrative privilege or to always require maximum privilege, and the user is a member of the Administrators group.

Type 3 is a limited token with administrative privileges removed and administrative groups disabled.  The limited token is used when User Account Control is enabled, the application does not require administrative privilege, and the user does not choose to start the program using Run as administrator.",local,2019-09-05T11:04:27.000-05:00,local~28~F2F5F36E-46B6-4517-BE8B-6DB8DF13C5C8,1115,28:5891012,C:\Windows\System32\svchost.exe,"S-1-5-18,S-1-5-21-1052468160-575763930-2460412666-1001",C:\Windows\System32\backgroundTaskHost.exe,"Host2,local"
1567699436000,"HOST2$,-",WinEventLog:Security,2BA8,"""C:\WINDOWS\system32\SearchFilterHost.exe"" 0 772 776 784 8192 780",1C0C,"09/05/2019 11:03:56 AM
LogName=Security
SourceName=Microsoft Windows security auditing.
EventCode=4688
EventType=0
Type=Information
ComputerName=Host2
TaskCategory=Process Creation
OpCode=Info
RecordNumber=3357596
Keywords=Audit Success",Host2,1567699437,"CONTOSO2,-","09/05/2019 11:03:56 AM
LogName=Security
SourceName=Microsoft Windows security auditing.
EventCode=4688
EventType=0
Type=Information
ComputerName=Host2
TaskCategory=Process Creation
OpCode=Info
RecordNumber=3357596
Keywords=Audit Success
Message=A new process has been created.

Creator Subject:
	Security ID:		S-1-5-18
	Account Name:		HOST2$
	Account Domain:		CONTOSO2
	Logon ID:		0x3E7

Target Subject:
	Security ID:		S-1-0-0
	Account Name:		-
	Account Domain:		-
	Logon ID:		0x0

Process Information:
	New Process ID:		0x2ba8
	New Process Name:	C:\Windows\System32\SearchFilterHost.exe
	Token Elevation Type:	%%1936
	Mandatory Label:		S-1-16-8192
	Creator Process ID:	0x1c0c
	Creator Process Name:	C:\Windows\System32\SearchIndexer.exe
	Process Command Line:	""C:\WINDOWS\system32\SearchFilterHost.exe"" 0 772 776 784 8192 780 

Token Elevation Type indicates the type of token that was assigned to the new process in accordance with User Account Control policy.

Type 1 is a full token with no privileges removed or groups disabled.  A full token is only used if User Account Control is disabled or if the user is the built-in Administrator account or a service account.

Type 2 is an elevated token with no privileges removed or groups disabled.  An elevated token is used when User Account Control is enabled and the user chooses to start the program using Run as administrator.  An elevated token is also used when an application is configured to always require administrative privilege or to always require maximum privilege, and the user is a member of the Administrators group.

Type 3 is a limited token with administrative privileges removed and administrative groups disabled.  The limited token is used when User Account Control is enabled, the application does not require administrative privilege, and the user does not choose to start the program using Run as administrator.",local,2019-09-05T11:03:56.000-05:00,local~28~F2F5F36E-46B6-4517-BE8B-6DB8DF13C5C8,1146,28:5888993,C:\Windows\System32\SearchIndexer.exe,"S-1-5-18,S-1-0-0",C:\Windows\System32\SearchFilterHost.exe,"Host2,local"
1567699316000,"HOST2$,-",WinEventLog:Security,1604,"""C:\WINDOWS\system32\SearchFilterHost.exe"" 0 772 776 784 8192 780",1C0C,"09/05/2019 11:01:56 AM
LogName=Security
SourceName=Microsoft Windows security auditing.
EventCode=4688
EventType=0
Type=Information
ComputerName=Host2
TaskCategory=Process Creation
OpCode=Info
RecordNumber=3357502
Keywords=Audit Success",Host2,1567699317,"CONTOSO2,-","09/05/2019 11:01:56 AM
