LogName=Security
SourceName=Microsoft Windows security auditing.
EventCode=4688
EventType=0
Type=Information
ComputerName=Host2
TaskCategory=Process Creation
OpCode=Info
RecordNumber=3356418
Keywords=Audit Success
Message=A new process has been created.

Creator Subject:
	Security ID:		S-1-5-18
	Account Name:		HOST2$
	Account Domain:		CONTOSO2
	Logon ID:		0x3E7

Target Subject:
	Security ID:		S-1-5-21-1052468160-575763930-2460412666-1001
	Account Name:		Gord
	Account Domain:		HOST2
	Logon ID:		0x37594

Process Information:
	New Process ID:		0xaec
	New Process Name:	C:\Windows\System32\dllhost.exe
	Token Elevation Type:	%%1938
	Mandatory Label:		S-1-16-8192
	Creator Process ID:	0x3b8
	Creator Process Name:	C:\Windows\System32\svchost.exe
	Process Command Line:	C:\WINDOWS\system32\DllHost.exe /Processid:{AB8902B4-09CA-4BB6-B78D-A8F59079A8D5}

Token Elevation Type indicates the type of token that was assigned to the new process in accordance with User Account Control policy.

Type 1 is a full token with no privileges removed or groups disabled.  A full token is only used if User Account Control is disabled or if the user is the built-in Administrator account or a service account.

Type 2 is an elevated token with no privileges removed or groups disabled.  An elevated token is used when User Account Control is enabled and the user chooses to start the program using Run as administrator.  An elevated token is also used when an application is configured to always require administrative privilege or to always require maximum privilege, and the user is a member of the Administrators group.

Type 3 is a limited token with administrative privileges removed and administrative groups disabled.  The limited token is used when User Account Control is enabled, the application does not require administrative privilege, and the user does not choose to start the program using Run as administrator.",local,2019-09-05T10:39:52.000-05:00,local~28~F2F5F36E-46B6-4517-BE8B-6DB8DF13C5C8,2476,28:5811806,C:\Windows\System32\svchost.exe,"S-1-5-18,S-1-5-21-1052468160-575763930-2460412666-1001",C:\Windows\System32\dllhost.exe,"Host2,local"
1567698000000,"Gord,-",WinEventLog:Security,1B08,"""C:\Temp\cmd.exe""",1908,"09/05/2019 10:40:00 AM
LogName=Security
SourceName=Microsoft Windows security auditing.
EventCode=4688
EventType=0
Type=Information
ComputerName=Host2
TaskCategory=Process Creation
OpCode=Info
RecordNumber=3356424
Keywords=Audit Success",Host3,1567698001,"HOST3,-","09/05/2019 10:40:00 AM
LogName=Security
SourceName=Microsoft Windows security auditing.
EventCode=4688
EventType=0
Type=Information
ComputerName=Host2
TaskCategory=Process Creation
OpCode=Info
RecordNumber=3356424
Keywords=Audit Success
Message=A new process has been created.

Creator Subject:
	Security ID:		S-1-5-21-1052468160-575763930-2460412666-1001
	Account Name:		Gord
	Account Domain:		HOST2
	Logon ID:		0x37594

Target Subject:
	Security ID:		S-1-0-0
	Account Name:		-
	Account Domain:		-
	Logon ID:		0x0

Process Information:
	New Process ID:		0x1b08
	New Process Name:	C:\Temp\cmd.exe
	Token Elevation Type:	%%1938
	Mandatory Label:		S-1-16-8192
	Creator Process ID:	0x1908
	Creator Process Name:	C:\Windows\explorer.exe
	Process Command Line:	""C:\Temp\cmd.exe"" 

Token Elevation Type indicates the type of token that was assigned to the new process in accordance with User Account Control policy.

Type 1 is a full token with no privileges removed or groups disabled.  A full token is only used if User Account Control is disabled or if the user is the built-in Administrator account or a service account.

Type 2 is an elevated token with no privileges removed or groups disabled.  An elevated token is used when User Account Control is enabled and the user chooses to start the program using Run as administrator.  An elevated token is also used when an application is configured to always require administrative privilege or to always require maximum privilege, and the user is a member of the Administrators group.

Type 3 is a limited token with administrative privileges removed and administrative groups disabled.  The limited token is used when User Account Control is enabled, the application does not require administrative privilege, and the user does not choose to start the program using Run as administrator.",local,2019-09-05T10:40:00.000-05:00,local~28~F2F5F36E-46B6-4517-BE8B-6DB8DF13C5C8,2470,28:5812201,C:\Windows\explorer.exe,"S-1-5-21-1052468160-575763930-2460412666-1001,S-1-0-0",C:\Temp\cmd.exe,"Host2,local"
1567698038000,"Gord,-",WinEventLog:Security,1ED4,"""C:\Temp\mstsc.exe""",1908,"09/05/2019 10:40:38 AM
LogName=Security
SourceName=Microsoft Windows security auditing.
EventCode=4688
EventType=0
Type=Information
ComputerName=Host2
TaskCategory=Process Creation
OpCode=Info
RecordNumber=3356465
Keywords=Audit Success",Host3,1567698039,"HOST3,-","09/05/2019 10:40:38 AM
LogName=Security
SourceName=Microsoft Windows security auditing.
EventCode=4688
EventType=0
Type=Information
ComputerName=Host2
TaskCategory=Process Creation
OpCode=Info
RecordNumber=3356465
Keywords=Audit Success
Message=A new process has been created.

Creator Subject:
	Security ID:		S-1-5-21-1052468160-575763930-2460412666-1001
	Account Name:		Gord
	Account Domain:		HOST2
	Logon ID:		0x37594

Target Subject:
	Security ID:		S-1-0-0
	Account Name:		-
	Account Domain:		-
	Logon ID:		0x0

Process Information:
	New Process ID:		0x1ed4
	New Process Name:	C:\Temp\mstsc.exe
	Token Elevation Type:	%%1938
	Mandatory Label:		S-1-16-8192
	Creator Process ID:	0x1908
	Creator Process Name:	C:\Windows\explorer.exe
	Process Command Line:	""C:\Temp\mstsc.exe"" 

Token Elevation Type indicates the type of token that was assigned to the new process in accordance with User Account Control policy.

Type 1 is a full token with no privileges removed or groups disabled.  A full token is only used if User Account Control is disabled or if the user is the built-in Administrator account or a service account.

Type 2 is an elevated token with no privileges removed or groups disabled.  An elevated token is used when User Account Control is enabled and the user chooses to start the program using Run as administrator.  An elevated token is also used when an application is configured to always require administrative privilege or to always require maximum privilege, and the user is a member of the Administrators group.

Type 3 is a limited token with administrative privileges removed and administrative groups disabled.  The limited token is used when User Account Control is enabled, the application does not require administrative privilege, and the user does not choose to start the program using Run as administrator.",local,2019-09-05T10:40:38.000-05:00,local~28~F2F5F36E-46B6-4517-BE8B-6DB8DF13C5C8,2428,28:5814868,C:\Windows\explorer.exe,"S-1-5-21-1052468160-575763930-2460412666-1001,S-1-0-0",C:\Temp\mstsc.exe,"Host2,local"
1567697991000,"HOST2$,-",WinEventLog:Security,204C,"""C:\WINDOWS\system32\SearchFilterHost.exe"" 0 772 776 784 8192 780",1C0C,"09/05/2019 10:39:51 AM
LogName=Security
SourceName=Microsoft Windows security auditing.
EventCode=4688
EventType=0
Type=Information
ComputerName=Host2
TaskCategory=Process Creation
OpCode=Info
RecordNumber=3356417
Keywords=Audit Success",Host2,1567697992,"CONTOSO2,-","09/05/2019 10:39:51 AM
LogName=Security
SourceName=Microsoft Windows security auditing.
EventCode=4688
EventType=0
Type=Information
ComputerName=Host2
TaskCategory=Process Creation
OpCode=Info
RecordNumber=3356417
Keywords=Audit Success
Message=A new process has been created.

Creator Subject:
	Security ID:		S-1-5-18
	Account Name:		HOST2$
	Account Domain:		CONTOSO2
	Logon ID:		0x3E7

Target Subject:
	Security ID:		S-1-0-0
	Account Name:		-
	Account Domain:		-
	Logon ID:		0x0

Process Information:
	New Process ID:		0x204c
	New Process Name:	C:\Windows\System32\SearchFilterHost.exe
	Token Elevation Type:	%%1936
	Mandatory Label:		S-1-16-8192
	Creator Process ID:	0x1c0c
	Creator Process Name:	C:\Windows\System32\SearchIndexer.exe
	Process Command Line:	""C:\WINDOWS\system32\SearchFilterHost.exe"" 0 772 776 784 8192 780 

Token Elevation Type indicates the type of token that was assigned to the new process in accordance with User Account Control policy.

Type 1 is a full token with no privileges removed or groups disabled.  A full token is only used if User Account Control is disabled or if the user is the built-in Administrator account or a service account.

Type 2 is an elevated token with no privileges removed or groups disabled.  An elevated token is used when User Account Control is enabled and the user chooses to start the program using Run as administrator.  An elevated token is also used when an application is configured to always require administrative privilege or to always require maximum privilege, and the user is a member of the Administrators group.

Type 3 is a limited token with administrative privileges removed and administrative groups disabled.  The limited token is used when User Account Control is enabled, the application does not require administrative privilege, and the user does not choose to start the program using Run as administrator.",local,2019-09-05T10:39:51.000-05:00,local~28~F2F5F36E-46B6-4517-BE8B-6DB8DF13C5C8,2477,28:5811743,C:\Windows\System32\SearchIndexer.exe,"S-1-5-18,S-1-0-0",C:\Windows\System32\SearchFilterHost.exe,"Host2,local"
1567697980000,"HOST2$,Gord",WinEventLog:Security,E5C,C:\WINDOWS\system32\DllHost.exe /Processid:{AB8902B4-09CA-4BB6-B78D-A8F59079A8D5},3B8,"09/05/2019 10:39:40 AM
LogName=Security
SourceName=Microsoft Windows security auditing.
EventCode=4688
EventType=0
Type=Information
ComputerName=Host2
TaskCategory=Process Creation
OpCode=Info
RecordNumber=3356409
Keywords=Audit Success",Host2,1567697981,"CONTOSO2,HOST2","09/05/2019 10:39:40 AM
LogName=Security
SourceName=Microsoft Windows security auditing.
EventCode=4688
EventType=0
Type=Information
ComputerName=Host2
TaskCategory=Process Creation
OpCode=Info
RecordNumber=3356409
Keywords=Audit Success
Message=A new process has been created.

Creator Subject:
	Security ID:		S-1-5-18
	Account Name:		HOST2$
	Account Domain:		CONTOSO2
	Logon ID:		0x3E7

Target Subject:
	Security ID:		S-1-5-21-1052468160-575763930-2460412666-1001
	Account Name:		Gord
	Account Domain:		HOST2
	Logon ID:		0x37594

Process Information:
	New Process ID:		0xe5c
	New Process Name:	C:\Windows\System32\dllhost.exe
	Token Elevation Type:	%%1938
	Mandatory Label:		S-1-16-8192
	Creator Process ID:	0x3b8
	Creator Process Name:	C:\Windows\System32\svchost.exe
	Process Command Line:	C:\WINDOWS\system32\DllHost.exe /Processid:{AB8902B4-09CA-4BB6-B78D-A8F59079A8D5}

Token Elevation Type indicates the type of token that was assigned to the new process in accordance with User Account Control policy.

Type 1 is a full token with no privileges removed or groups disabled.  A full token is only used if User Account Control is disabled or if the user is the built-in Administrator account or a service account.

Type 2 is an elevated token with no privileges removed or groups disabled.  An elevated token is used when User Account Control is enabled and the user chooses to start the program using Run as administrator.  An elevated token is also used when an application is configured to always require administrative privilege or to always require maximum privilege, and the user is a member of the Administrators group.

Type 3 is a limited token with administrative privileges removed and administrative groups disabled.  The limited token is used when User Account Control is enabled, the application does not require administrative privilege, and the user does not choose to start the program using Run as administrator.",local,2019-09-05T10:39:40.000-05:00,local~28~F2F5F36E-46B6-4517-BE8B-6DB8DF13C5C8,2491,28:5811216,C:\Windows\System32\svchost.exe,"S-1-5-18,S-1-5-21-1052468160-575763930-2460412666-1001",C:\Windows\System32\dllhost.exe,"Host2,local"
1567697967000,"HOST2$,-",WinEventLog:Security,2068,\??\C:\WINDOWS\system32\conhost.exe 0xffffffff -ForceV1,22D4,"09/05/2019 10:39:27 AM
LogName=Security
SourceName=Microsoft Windows security auditing.
EventCode=4688
EventType=0
Type=Information
ComputerName=Host2
TaskCategory=Process Creation
OpCode=Info
RecordNumber=3356399
Keywords=Audit Success",Host2,1567697968,"CONTOSO2,-","09/05/2019 10:39:27 AM
LogName=Security
SourceName=Microsoft Windows security auditing.
EventCode=4688
EventType=0
Type=Information
ComputerName=Host2
TaskCategory=Process Creation
OpCode=Info
RecordNumber=3356399
Keywords=Audit Success
Message=A new process has been created.

Creator Subject:
	Security ID:		S-1-5-18
	Account Name:		HOST2$
	Account Domain:		CONTOSO2
	Logon ID:		0x3E7

Target Subject:
	Security ID:		S-1-0-0
	Account Name:		-
	Account Domain:		-
	Logon ID:		0x0

Process Information:
	New Process ID:		0x2068
	New Process Name:	C:\Windows\System32\conhost.exe
	Token Elevation Type:	%%1936
	Mandatory Label:		S-1-16-16384
	Creator Process ID:	0x22d4
	Creator Process Name:	C:\Windows\System32\dmclient.exe
	Process Command Line:	\??\C:\WINDOWS\system32\conhost.exe 0xffffffff -ForceV1

Token Elevation Type indicates the type of token that was assigned to the new process in accordance with User Account Control policy.

Type 1 is a full token with no privileges removed or groups disabled.  A full token is only used if User Account Control is disabled or if the user is the built-in Administrator account or a service account.

Type 2 is an elevated token with no privileges removed or groups disabled.  An elevated token is used when User Account Control is enabled and the user chooses to start the program using Run as administrator.  An elevated token is also used when an application is configured to always require administrative privilege or to always require maximum privilege, and the user is a member of the Administrators group.

Type 3 is a limited token with administrative privileges removed and administrative groups disabled.  The limited token is used when User Account Control is enabled, the application does not require administrative privilege, and the user does not choose to start the program using Run as administrator.",local,2019-09-05T10:39:27.000-05:00,local~28~F2F5F36E-46B6-4517-BE8B-6DB8DF13C5C8,2501,28:5810559,C:\Windows\System32\dmclient.exe,"S-1-5-18,S-1-0-0",C:\Windows\System32\conhost.exe,"Host2,local"
1567697967000,"HOST2$,-",WinEventLog:Security,22D4,C:\WINDOWS\system32\dmclient.exe utcwnf,4D8,"09/05/2019 10:39:27 AM
LogName=Security
SourceName=Microsoft Windows security auditing.
EventCode=4688
EventType=0
Type=Information
ComputerName=Host2
TaskCategory=Process Creation
OpCode=Info
RecordNumber=3356398
Keywords=Audit Success",Host2,1567697968,"CONTOSO2,-","09/05/2019 10:39:27 AM
LogName=Security
SourceName=Microsoft Windows security auditing.
EventCode=4688
EventType=0
Type=Information
ComputerName=Host2
TaskCategory=Process Creation
OpCode=Info
RecordNumber=3356398
Keywords=Audit Success
Message=A new process has been created.

Creator Subject:
	Security ID:		S-1-5-18
	Account Name:		HOST2$
	Account Domain:		CONTOSO2
	Logon ID:		0x3E7

Target Subject:
	Security ID:		S-1-0-0
	Account Name:		-
	Account Domain:		-
	Logon ID:		0x0

Process Information:
	New Process ID:		0x22d4
	New Process Name:	C:\Windows\System32\dmclient.exe
	Token Elevation Type:	%%1936
	Mandatory Label:		S-1-16-16384
	Creator Process ID:	0x4d8
	Creator Process Name:	C:\Windows\System32\svchost.exe
	Process Command Line:	C:\WINDOWS\system32\dmclient.exe utcwnf

Token Elevation Type indicates the type of token that was assigned to the new process in accordance with User Account Control policy.

Type 1 is a full token with no privileges removed or groups disabled.  A full token is only used if User Account Control is disabled or if the user is the built-in Administrator account or a service account.

Type 2 is an elevated token with no privileges removed or groups disabled.  An elevated token is used when User Account Control is enabled and the user chooses to start the program using Run as administrator.  An elevated token is also used when an application is configured to always require administrative privilege or to always require maximum privilege, and the user is a member of the Administrators group.

Type 3 is a limited token with administrative privileges removed and administrative groups disabled.  The limited token is used when User Account Control is enabled, the application does not require administrative privilege, and the user does not choose to start the program using Run as administrator.",local,2019-09-05T10:39:27.000-05:00,local~28~F2F5F36E-46B6-4517-BE8B-6DB8DF13C5C8,2502,28:5810497,C:\Windows\System32\svchost.exe,"S-1-5-18,S-1-0-0",C:\Windows\System32\dmclient.exe,"Host2,local"
1567697960000,"HOST2$,Gord",WinEventLog:Security,B60,C:\WINDOWS\system32\DllHost.exe /Processid:{AB8902B4-09CA-4BB6-B78D-A8F59079A8D5},3B8,"09/05/2019 10:39:20 AM
LogName=Security
SourceName=Microsoft Windows security auditing.
EventCode=4688
EventType=0
Type=Information
ComputerName=Host2
TaskCategory=Process Creation
OpCode=Info
RecordNumber=3356391
Keywords=Audit Success",Host2,1567697960,"CONTOSO2,HOST2","09/05/2019 10:39:20 AM
LogName=Security
SourceName=Microsoft Windows security auditing.
EventCode=4688
EventType=0
Type=Information
ComputerName=Host2
TaskCategory=Process Creation
OpCode=Info
RecordNumber=3356391
Keywords=Audit Success
Message=A new process has been created.

Creator Subject:
	Security ID:		S-1-5-18
	Account Name:		HOST2$
	Account Domain:		CONTOSO2
	Logon ID:		0x3E7

Target Subject:
	Security ID:		S-1-5-21-1052468160-575763930-2460412666-1001
	Account Name:		Gord
	Account Domain:		HOST2
	Logon ID:		0x37594

Process Information:
	New Process ID:		0xb60
	New Process Name:	C:\Windows\System32\dllhost.exe
	Token Elevation Type:	%%1938
	Mandatory Label:		S-1-16-8192
	Creator Process ID:	0x3b8
	Creator Process Name:	C:\Windows\System32\svchost.exe
	Process Command Line:	C:\WINDOWS\system32\DllHost.exe /Processid:{AB8902B4-09CA-4BB6-B78D-A8F59079A8D5}

Token Elevation Type indicates the type of token that was assigned to the new process in accordance with User Account Control policy.

Type 1 is a full token with no privileges removed or groups disabled.  A full token is only used if User Account Control is disabled or if the user is the built-in Administrator account or a service account.

Type 2 is an elevated token with no privileges removed or groups disabled.  An elevated token is used when User Account Control is enabled and the user chooses to start the program using Run as administrator.  An elevated token is also used when an application is configured to always require administrative privilege or to always require maximum privilege, and the user is a member of the Administrators group.

Type 3 is a limited token with administrative privileges removed and administrative groups disabled.  The limited token is used when User Account Control is enabled, the application does not require administrative privilege, and the user does not choose to start the program using Run as administrator.",local,2019-09-05T10:39:20.000-05:00,local~28~F2F5F36E-46B6-4517-BE8B-6DB8DF13C5C8,2509,28:5810037,C:\Windows\System32\svchost.exe,"S-1-5-18,S-1-5-21-1052468160-575763930-2460412666-1001",C:\Windows\System32\dllhost.exe,"Host2,local"
1567697959000,"HOST2$,Gord",WinEventLog:Security,1538,"C:\WINDOWS\System32\rundll32.exe shell32.dll,SHCreateLocalServerRunDll {c82192ee-6cb5-4bc0-9ef0-fb818773790a} -Embedding",3B8,"09/05/2019 10:39:19 AM
LogName=Security
SourceName=Microsoft Windows security auditing.
EventCode=4688
EventType=0
Type=Information
ComputerName=Host2
TaskCategory=Process Creation
OpCode=Info
RecordNumber=3356390
Keywords=Audit Success",Host2,1567697960,"CONTOSO2,HOST2","09/05/2019 10:39:19 AM
LogName=Security
SourceName=Microsoft Windows security auditing.
EventCode=4688
EventType=0
Type=Information
ComputerName=Host2
TaskCategory=Process Creation
OpCode=Info
RecordNumber=3356390
Keywords=Audit Success
Message=A new process has been created.

Creator Subject:
	Security ID:		S-1-5-18
	Account Name:		HOST2$
	Account Domain:		CONTOSO2
	Logon ID:		0x3E7

Target Subject:
	Security ID:		S-1-5-21-1052468160-575763930-2460412666-1001
	Account Name:		Gord
	Account Domain:		HOST2
	Logon ID:		0x37594

Process Information:
	New Process ID:		0x1538
	New Process Name:	C:\Windows\System32\rundll32.exe
	Token Elevation Type:	%%1938
	Mandatory Label:		S-1-16-8192
	Creator Process ID:	0x3b8
	Creator Process Name:	C:\Windows\System32\svchost.exe
	Process Command Line:	C:\WINDOWS\System32\rundll32.exe shell32.dll,SHCreateLocalServerRunDll {c82192ee-6cb5-4bc0-9ef0-fb818773790a} -Embedding

Token Elevation Type indicates the type of token that was assigned to the new process in accordance with User Account Control policy.

Type 1 is a full token with no privileges removed or groups disabled.  A full token is only used if User Account Control is disabled or if the user is the built-in Administrator account or a service account.

Type 2 is an elevated token with no privileges removed or groups disabled.  An elevated token is used when User Account Control is enabled and the user chooses to start the program using Run as administrator.  An elevated token is also used when an application is configured to always require administrative privilege or to always require maximum privilege, and the user is a member of the Administrators group.

Type 3 is a limited token with administrative privileges removed and administrative groups disabled.  The limited token is used when User Account Control is enabled, the application does not require administrative privilege, and the user does not choose to start the program using Run as administrator.",local,2019-09-05T10:39:19.000-05:00,local~28~F2F5F36E-46B6-4517-BE8B-6DB8DF13C5C8,2510,28:5809971,C:\Windows\System32\svchost.exe,"S-1-5-18,S-1-5-21-1052468160-575763930-2460412666-1001",C:\Windows\System32\rundll32.exe,"Host2,local"
1567697956000,"HOST2$,Gord",WinEventLog:Security,29C0,C:\Windows\System32\RuntimeBroker.exe -Embedding,3B8,"09/05/2019 10:39:16 AM
LogName=Security
SourceName=Microsoft Windows security auditing.
EventCode=4688
EventType=0
Type=Information
ComputerName=Host2
TaskCategory=Process Creation
OpCode=Info
RecordNumber=3356387
Keywords=Audit Success",Host2,1567697957,"CONTOSO2,HOST2","09/05/2019 10:39:16 AM
LogName=Security
SourceName=Microsoft Windows security auditing.
EventCode=4688
EventType=0
Type=Information
ComputerName=Host2
TaskCategory=Process Creation
OpCode=Info
RecordNumber=3356387
Keywords=Audit Success
Message=A new process has been created.

Creator Subject:
	Security ID:		S-1-5-18
	Account Name:		HOST2$
	Account Domain:		CONTOSO2
	Logon ID:		0x3E7

Target Subject:
	Security ID:		S-1-5-21-1052468160-575763930-2460412666-1001
	Account Name:		Gord
	Account Domain:		HOST2
	Logon ID:		0x37594

Process Information:
	New Process ID:		0x29c0
	New Process Name:	C:\Windows\System32\RuntimeBroker.exe
	Token Elevation Type:	%%1938
	Mandatory Label:		S-1-16-8192
	Creator Process ID:	0x3b8
	Creator Process Name:	C:\Windows\System32\svchost.exe
	Process Command Line:	C:\Windows\System32\RuntimeBroker.exe -Embedding

Token Elevation Type indicates the type of token that was assigned to the new process in accordance with User Account Control policy.

Type 1 is a full token with no privileges removed or groups disabled.  A full token is only used if User Account Control is disabled or if the user is the built-in Administrator account or a service account.

Type 2 is an elevated token with no privileges removed or groups disabled.  An elevated token is used when User Account Control is enabled and the user chooses to start the program using Run as administrator.  An elevated token is also used when an application is configured to always require administrative privilege or to always require maximum privilege, and the user is a member of the Administrators group.

Type 3 is a limited token with administrative privileges removed and administrative groups disabled.  The limited token is used when User Account Control is enabled, the application does not require administrative privilege, and the user does not choose to start the program using Run as administrator.",local,2019-09-05T10:39:16.000-05:00,local~28~F2F5F36E-46B6-4517-BE8B-6DB8DF13C5C8,2513,28:5809776,C:\Windows\System32\svchost.exe,"S-1-5-18,S-1-5-21-1052468160-575763930-2460412666-1001",C:\Windows\System32\RuntimeBroker.exe,"Host2,local"
1567697938000,"HOST2$,Gord",WinEventLog:Security,2B40,"C:\WINDOWS\System32\rundll32.exe C:\WINDOWS\System32\shell32.dll,SHCreateLocalServerRunDll {9aa46009-3ce0-458a-a354-715610a075e6} -Embedding",3B8,"09/05/2019 10:38:58 AM
LogName=Security
SourceName=Microsoft Windows security auditing.
EventCode=4688
EventType=0
Type=Information
ComputerName=Host2
TaskCategory=Process Creation
OpCode=Info
RecordNumber=3356366
Keywords=Audit Success",Host2,1567697939,"CONTOSO2,HOST2","09/05/2019 10:38:58 AM
LogName=Security
SourceName=Microsoft Windows security auditing.
EventCode=4688
EventType=0
Type=Information
ComputerName=Host2
TaskCategory=Process Creation
OpCode=Info
RecordNumber=3356366
Keywords=Audit Success
Message=A new process has been created.

Creator Subject:
	Security ID:		S-1-5-18
	Account Name:		HOST2$
	Account Domain:		CONTOSO2
	Logon ID:		0x3E7

Target Subject:
	Security ID:		S-1-5-21-1052468160-575763930-2460412666-1001
	Account Name:		Gord
	Account Domain:		HOST2
	Logon ID:		0x37594

Process Information:
	New Process ID:		0x2b40
	New Process Name:	C:\Windows\System32\rundll32.exe
	Token Elevation Type:	%%1938
	Mandatory Label:		S-1-16-8192
	Creator Process ID:	0x3b8
	Creator Process Name:	C:\Windows\System32\svchost.exe
	Process Command Line:	C:\WINDOWS\System32\rundll32.exe C:\WINDOWS\System32\shell32.dll,SHCreateLocalServerRunDll {9aa46009-3ce0-458a-a354-715610a075e6} -Embedding

Token Elevation Type indicates the type of token that was assigned to the new process in accordance with User Account Control policy.

Type 1 is a full token with no privileges removed or groups disabled.  A full token is only used if User Account Control is disabled or if the user is the built-in Administrator account or a service account.

Type 2 is an elevated token with no privileges removed or groups disabled.  An elevated token is used when User Account Control is enabled and the user chooses to start the program using Run as administrator.  An elevated token is also used when an application is configured to always require administrative privilege or to always require maximum privilege, and the user is a member of the Administrators group.

Type 3 is a limited token with administrative privileges removed and administrative groups disabled.  The limited token is used when User Account Control is enabled, the application does not require administrative privilege, and the user does not choose to start the program using Run as administrator.",local,2019-09-05T10:38:58.000-05:00,local~28~F2F5F36E-46B6-4517-BE8B-6DB8DF13C5C8,2534,28:5808411,C:\Windows\System32\svchost.exe,"S-1-5-18,S-1-5-21-1052468160-575763930-2460412666-1001",C:\Windows\System32\rundll32.exe,"Host2,local"
1567697931000,"HOST2$,Gord",WinEventLog:Security,149C,C:\WINDOWS\system32\DllHost.exe /Processid:{AB8902B4-09CA-4BB6-B78D-A8F59079A8D5},3B8,"09/05/2019 10:38:51 AM
LogName=Security
SourceName=Microsoft Windows security auditing.
EventCode=4688
EventType=0
Type=Information
ComputerName=Host2
TaskCategory=Process Creation
OpCode=Info
RecordNumber=3356361
Keywords=Audit Success",Host2,1567697932,"CONTOSO2,HOST2","09/05/2019 10:38:51 AM
LogName=Security
SourceName=Microsoft Windows security auditing.
EventCode=4688
EventType=0
Type=Information
ComputerName=Host2
TaskCategory=Process Creation
OpCode=Info
RecordNumber=3356361
Keywords=Audit Success
Message=A new process has been created.

Creator Subject:
	Security ID:		S-1-5-18
	Account Name:		HOST2$
	Account Domain:		CONTOSO2
	Logon ID:		0x3E7

Target Subject:
	Security ID:		S-1-5-21-1052468160-575763930-2460412666-1001
	Account Name:		Gord
	Account Domain:		HOST2
	Logon ID:		0x37594

Process Information:
	New Process ID:		0x149c
	New Process Name:	C:\Windows\System32\dllhost.exe
	Token Elevation Type:	%%1938
	Mandatory Label:		S-1-16-8192
	Creator Process ID:	0x3b8
	Creator Process Name:	C:\Windows\System32\svchost.exe
	Process Command Line:	C:\WINDOWS\system32\DllHost.exe /Processid:{AB8902B4-09CA-4BB6-B78D-A8F59079A8D5}

Token Elevation Type indicates the type of token that was assigned to the new process in accordance with User Account Control policy.

Type 1 is a full token with no privileges removed or groups disabled.  A full token is only used if User Account Control is disabled or if the user is the built-in Administrator account or a service account.

Type 2 is an elevated token with no privileges removed or groups disabled.  An elevated token is used when User Account Control is enabled and the user chooses to start the program using Run as administrator.  An elevated token is also used when an application is configured to always require administrative privilege or to always require maximum privilege, and the user is a member of the Administrators group.

Type 3 is a limited token with administrative privileges removed and administrative groups disabled.  The limited token is used when User Account Control is enabled, the application does not require administrative privilege, and the user does not choose to start the program using Run as administrator.",local,2019-09-05T10:38:51.000-05:00,local~28~F2F5F36E-46B6-4517-BE8B-6DB8DF13C5C8,2540,28:5808082,C:\Windows\System32\svchost.exe,"S-1-5-18,S-1-5-21-1052468160-575763930-2460412666-1001",C:\Windows\System32\dllhost.exe,"Host2,local"